<?xml version="1.0" encoding="UTF-8"?>
<testng-results ignored="0" total="1" passed="1" failed="0" skipped="0">
  <reporter-output>
  </reporter-output>
  <suite started-at="2021-02-20T11:32:39Z" name="Default suite" finished-at="2021-02-20T11:32:48Z" duration-ms="9074">
    <groups>
    </groups>
    <test started-at="2021-02-20T11:32:39Z" name="Default test" finished-at="2021-02-20T11:32:48Z" duration-ms="9074">
      <class name="supplier.interfaces.DriverTest">
        <test-method is-config="true" signature="setDriver(java.lang.String)[pri:0, instance:supplier.interfaces.DriverTest@67f639d3]" started-at="2021-02-20T11:32:39Z" name="setDriver" finished-at="2021-02-20T11:32:41Z" duration-ms="1840" status="PASS">
          <params>
            <param index="0">
              <value>
                <![CDATA[chrome]]>
              </value>
            </param>
          </params>
          <reporter-output>
          </reporter-output>
        </test-method> <!-- setDriver -->
        <test-method signature="openPage()[pri:0, instance:supplier.interfaces.DriverTest@67f639d3]" started-at="2021-02-20T11:32:41Z" name="openPage" finished-at="2021-02-20T11:32:48Z" duration-ms="7071" status="PASS">
          <reporter-output>
          </reporter-output>
        </test-method> <!-- openPage -->
        <test-method is-config="true" signature="quitDriver()[pri:0, instance:supplier.interfaces.DriverTest@67f639d3]" started-at="2021-02-20T11:32:48Z" name="quitDriver" finished-at="2021-02-20T11:32:48Z" duration-ms="147" status="PASS">
          <reporter-output>
          </reporter-output>
        </test-method> <!-- quitDriver -->
      </class> <!-- supplier.interfaces.DriverTest -->
    </test> <!-- Default test -->
  </suite> <!-- Default suite -->
</testng-results>
